app/build/intermediates/manifest_merge_blame_file/debug/manifest-merger-blame-debug-report.txt
1<?xml version="1.0" encoding="utf-8"?>
2<manifest xmlns:android="http://schemas.android.com/apk/res/android"
3    package="org.tensorflow.codelabs.objectdetection"
4    android:versionCode="1"
5    android:versionName="1.0" >
6
7    <uses-sdk
8        android:minSdkVersion="23"
8-->src/main/AndroidManifest.xml
9        android:targetSdkVersion="30" />
9-->src/main/AndroidManifest.xml
10
11    <queries>
11-->src/main/AndroidManifest.xml:4:5-12:15
12        <intent>
12-->src/main/AndroidManifest.xml:5:9-7:18
13            <action android:name="android.media.action.IMAGE_CAPTURE" />
13-->src/main/AndroidManifest.xml:6:13-73
13-->src/main/AndroidManifest.xml:6:21-70
14        </intent>
15        <intent>
15-->src/main/AndroidManifest.xml:8:9-11:18
16            <action android:name="android.intent.action.PICK" />
16-->src/main/AndroidManifest.xml:9:13-65
16-->src/main/AndroidManifest.xml:9:21-62
17
18            <data android:mimeType="image/*" />
18-->src/main/AndroidManifest.xml:10:13-48
18-->src/main/AndroidManifest.xml:10:19-45
19        </intent>
20    </queries>
21
22    <uses-permission android:name="android.permission.WRITE_EXTERNAL_STORAGE" />
23    <uses-permission android:name="android.permission.READ_PHONE_STATE" />
24    <uses-permission android:name="android.permission.READ_EXTERNAL_STORAGE" />
25
26    <application
26-->src/main/AndroidManifest.xml:14:5-38:19
27        android:allowBackup="true"
27-->src/main/AndroidManifest.xml:15:9-35
28        android:appComponentFactory="androidx.core.app.CoreComponentFactory"
28-->[androidx.core:core:1.3.2] AndroidManifest.xml:24:18-86
29        android:debuggable="true"
30        android:extractNativeLibs="false"
31        android:icon="@mipmap/ic_launcher"
31-->src/main/AndroidManifest.xml:16:9-43
32        android:label="@string/app_name"
32-->src/main/AndroidManifest.xml:17:9-41
33        android:roundIcon="@mipmap/ic_launcher_round"
33-->src/main/AndroidManifest.xml:18:9-54
34        android:supportsRtl="true"
34-->src/main/AndroidManifest.xml:19:9-35
35        android:testOnly="true"
36        android:theme="@style/Theme.ObjectDetection" >
36-->src/main/AndroidManifest.xml:20:9-53
37        <activity android:name="org.tensorflow.codelabs.objectdetection.MainActivity" >
37-->src/main/AndroidManifest.xml:21:9-27:20
37-->src/main/AndroidManifest.xml:21:19-86
38            <intent-filter>
38-->src/main/AndroidManifest.xml:22:13-26:29
39                <action android:name="android.intent.action.MAIN" />
39-->src/main/AndroidManifest.xml:23:17-69
39-->src/main/AndroidManifest.xml:23:25-66
40
41                <category android:name="android.intent.category.LAUNCHER" />
41-->src/main/AndroidManifest.xml:25:17-77
41-->src/main/AndroidManifest.xml:25:27-74
42            </intent-filter>
43        </activity>
44
45        <provider
45-->src/main/AndroidManifest.xml:29:9-37:20
46            android:name="androidx.core.content.FileProvider"
46-->src/main/AndroidManifest.xml:30:13-62
47            android:authorities="org.tensorflow.codelabs.objectdetection.fileprovider"
47-->src/main/AndroidManifest.xml:31:13-87
48            android:exported="false"
48-->src/main/AndroidManifest.xml:32:13-37
49            android:grantUriPermissions="true" >
49-->src/main/AndroidManifest.xml:33:13-47
50            <meta-data
50-->src/main/AndroidManifest.xml:34:13-36:54
51                android:name="android.support.FILE_PROVIDER_PATHS"
51-->src/main/AndroidManifest.xml:35:17-67
52                android:resource="@xml/file_paths" />
52-->src/main/AndroidManifest.xml:36:17-51
53        </provider>
54    </application>
55
56</manifest>